2022-09-26 13:45:35 0 [Note] InnoDB: Mutexes and rw_locks use Windows interlocked functions
2022-09-26 13:45:35 0 [Note] InnoDB: Uses event mutexes
2022-09-26 13:45:35 0 [Note] InnoDB: Compressed tables use zlib 1.2.11
2022-09-26 13:45:35 0 [Note] InnoDB: Number of pools: 1
2022-09-26 13:45:35 0 [Note] InnoDB: Using SSE2 crc32 instructions
2022-09-26 13:45:35 0 [Note] InnoDB: Initializing buffer pool, total size = 16M, instances = 1, chunk size = 16M
2022-09-26 13:45:35 0 [Note] InnoDB: Completed initialization of buffer pool
2022-09-26 13:45:35 0 [Note] InnoDB: Starting crash recovery from checkpoint LSN=300288
2022-09-26 13:45:36 0 [Note] InnoDB: 128 out of 128 rollback segments are active.
2022-09-26 13:45:36 0 [Note] InnoDB: Removed temporary tablespace data file: "ibtmp1"
2022-09-26 13:45:36 0 [Note] InnoDB: Creating shared tablespace for temporary tables
2022-09-26 13:45:36 0 [Note] InnoDB: Setting file 'C:\Users\Nils\Desktop\XAMPP\mysql\data\ibtmp1' size to 12 MB. Physically writing the file full; Please wait ...
2022-09-26 13:45:36 0 [Note] InnoDB: File 'C:\Users\Nils\Desktop\XAMPP\mysql\data\ibtmp1' size is now 12 MB.
2022-09-26 13:45:36 0 [Note] InnoDB: Waiting for purge to start
2022-09-26 13:45:36 0 [Note] InnoDB: 10.4.24 started; log sequence number 300297; transaction id 170
2022-09-26 13:45:36 0 [Note] InnoDB: Loading buffer pool(s) from C:\Users\Nils\Desktop\XAMPP\mysql\data\ib_buffer_pool
2022-09-26 13:45:36 0 [Note] Plugin 'FEEDBACK' is disabled.
2022-09-26 13:45:36 0 [Note] InnoDB: Buffer pool(s) load completed at 220926 13:45:36
2022-09-26 13:45:36 0 [Note] Server socket created on IP: '::'.
2022-09-29 13:39:10 0 [Note] InnoDB: Mutexes and rw_locks use Windows interlocked functions
2022-09-29 13:39:10 0 [Note] InnoDB: Uses event mutexes
2022-09-29 13:39:10 0 [Note] InnoDB: Compressed tables use zlib 1.2.11
2022-09-29 13:39:10 0 [Note] InnoDB: Number of pools: 1
2022-09-29 13:39:10 0 [Note] InnoDB: Using SSE2 crc32 instructions
2022-09-29 13:39:10 0 [Note] InnoDB: Initializing buffer pool, total size = 16M, instances = 1, chunk size = 16M
2022-09-29 13:39:10 0 [Note] InnoDB: Completed initialization of buffer pool
2022-09-29 13:39:10 0 [Note] InnoDB: Starting crash recovery from checkpoint LSN=300943
2022-09-29 13:39:10 0 [Note] InnoDB: 128 out of 128 rollback segments are active.
2022-09-29 13:39:10 0 [Note] InnoDB: Removed temporary tablespace data file: "ibtmp1"
2022-09-29 13:39:10 0 [Note] InnoDB: Creating shared tablespace for temporary tables
2022-09-29 13:39:10 0 [Note] InnoDB: Setting file 'C:\Users\SherwoodMan\Desktop\Programmieren\Webprojekt\WebAplikation\XAMPP\mysql\data\ibtmp1' size to 12 MB. Physically writing the file full; Please wait ...
2022-09-29 13:39:10 0 [Note] InnoDB: File 'C:\Users\SherwoodMan\Desktop\Programmieren\Webprojekt\WebAplikation\XAMPP\mysql\data\ibtmp1' size is now 12 MB.
2022-09-29 13:39:10 0 [Note] InnoDB: Waiting for purge to start
2022-09-29 13:39:11 0 [Note] InnoDB: 10.4.24 started; log sequence number 300952; transaction id 195
2022-09-29 13:39:11 0 [Note] InnoDB: Loading buffer pool(s) from C:\Users\SherwoodMan\Desktop\Programmieren\Webprojekt\WebAplikation\XAMPP\mysql\data\ib_buffer_pool
2022-09-29 13:39:11 0 [Note] Plugin 'FEEDBACK' is disabled.
2022-09-29 13:39:11 0 [Note] InnoDB: Buffer pool(s) load completed at 220929 13:39:11
2022-09-29 13:39:11 0 [Note] Server socket created on IP: '::'.
2022-09-29 14:30:11 0 [Note] InnoDB: Mutexes and rw_locks use Windows interlocked functions
2022-09-29 14:30:11 0 [Note] InnoDB: Uses event mutexes
2022-09-29 14:30:11 0 [Note] InnoDB: Compressed tables use zlib 1.2.11
2022-09-29 14:30:11 0 [Note] InnoDB: Number of pools: 1
2022-09-29 14:30:11 0 [Note] InnoDB: Using SSE2 crc32 instructions
2022-09-29 14:30:11 0 [Note] InnoDB: Initializing buffer pool, total size = 16M, instances = 1, chunk size = 16M
2022-09-29 14:30:11 0 [Note] InnoDB: Completed initialization of buffer pool
2022-09-29 14:30:12 0 [Note] InnoDB: Starting crash recovery from checkpoint LSN=304255
2022-09-29 14:30:12 0 [Note] InnoDB: 128 out of 128 rollback segments are active.
2022-09-29 14:30:12 0 [Note] InnoDB: Removed temporary tablespace data file: "ibtmp1"
2022-09-29 14:30:12 0 [Note] InnoDB: Creating shared tablespace for temporary tables
2022-09-29 14:30:12 0 [Note] InnoDB: Setting file 'D:\SherwoodMan\Uni\3.Semester\Softwareprojekt I\WebAplikation\XAMPP\mysql\data\ibtmp1' size to 12 MB. Physically writing the file full; Please wait ...
2022-09-29 14:30:12 0 [Note] InnoDB: File 'D:\SherwoodMan\Uni\3.Semester\Softwareprojekt I\WebAplikation\XAMPP\mysql\data\ibtmp1' size is now 12 MB.
2022-09-29 14:30:12 0 [Note] InnoDB: Waiting for purge to start
2022-09-29 14:30:12 0 [Note] InnoDB: 10.4.24 started; log sequence number 304264; transaction id 203
2022-09-29 14:30:12 0 [Note] InnoDB: Loading buffer pool(s) from D:\SherwoodMan\Uni\3.Semester\Softwareprojekt I\WebAplikation\XAMPP\mysql\data\ib_buffer_pool
2022-09-29 14:30:12 0 [Note] Plugin 'FEEDBACK' is disabled.
2022-09-29 14:30:12 0 [Note] InnoDB: Buffer pool(s) load completed at 220929 14:30:12
2022-09-29 14:30:12 0 [Note] Server socket created on IP: '::'.
2022-10-02  5:30:47 0 [Note] InnoDB: Mutexes and rw_locks use Windows interlocked functions
2022-10-02  5:30:47 0 [Note] InnoDB: Uses event mutexes
2022-10-02  5:30:47 0 [Note] InnoDB: Compressed tables use zlib 1.2.11
2022-10-02  5:30:47 0 [Note] InnoDB: Number of pools: 1
2022-10-02  5:30:47 0 [Note] InnoDB: Using SSE2 crc32 instructions
2022-10-02  5:30:47 0 [Note] InnoDB: Initializing buffer pool, total size = 16M, instances = 1, chunk size = 16M
2022-10-02  5:30:47 0 [Note] InnoDB: Completed initialization of buffer pool
2022-10-02  5:30:47 0 [Note] InnoDB: Starting crash recovery from checkpoint LSN=313556
2022-10-02  5:30:47 0 [Note] InnoDB: 128 out of 128 rollback segments are active.
2022-10-02  5:30:47 0 [Note] InnoDB: Removed temporary tablespace data file: "ibtmp1"
2022-10-02  5:30:47 0 [Note] InnoDB: Creating shared tablespace for temporary tables
2022-10-02  5:30:47 0 [Note] InnoDB: Setting file 'D:\SherwoodMan\Uni\3.Semester\Softwareprojekt I\WebAplikation\XAMPP\mysql\data\ibtmp1' size to 12 MB. Physically writing the file full; Please wait ...
2022-10-02  5:30:47 0 [Note] InnoDB: File 'D:\SherwoodMan\Uni\3.Semester\Softwareprojekt I\WebAplikation\XAMPP\mysql\data\ibtmp1' size is now 12 MB.
2022-10-02  5:30:47 0 [Note] InnoDB: Waiting for purge to start
2022-10-02  5:30:47 0 [Note] InnoDB: 10.4.24 started; log sequence number 313565; transaction id 244
2022-10-02  5:30:47 0 [Note] InnoDB: Loading buffer pool(s) from D:\SherwoodMan\Uni\3.Semester\Softwareprojekt I\WebAplikation\XAMPP\mysql\data\ib_buffer_pool
2022-10-02  5:30:47 0 [Note] Plugin 'FEEDBACK' is disabled.
2022-10-02  5:30:47 0 [Note] Server socket created on IP: '::'.
2022-10-02 12:21:11 0 [Note] InnoDB: Mutexes and rw_locks use Windows interlocked functions
2022-10-02 12:21:11 0 [Note] InnoDB: Uses event mutexes
2022-10-02 12:21:11 0 [Note] InnoDB: Compressed tables use zlib 1.2.11
2022-10-02 12:21:11 0 [Note] InnoDB: Number of pools: 1
2022-10-02 12:21:11 0 [Note] InnoDB: Using SSE2 crc32 instructions
2022-10-02 12:21:11 0 [Note] InnoDB: Initializing buffer pool, total size = 16M, instances = 1, chunk size = 16M
2022-10-02 12:21:11 0 [Note] InnoDB: Completed initialization of buffer pool
2022-10-02 12:21:12 0 [Note] InnoDB: Starting crash recovery from checkpoint LSN=393858
2022-10-02 12:21:13 0 [Note] InnoDB: 128 out of 128 rollback segments are active.
2022-10-02 12:21:13 0 [Note] InnoDB: Removed temporary tablespace data file: "ibtmp1"
2022-10-02 12:21:13 0 [Note] InnoDB: Creating shared tablespace for temporary tables
2022-10-02 12:21:13 0 [Note] InnoDB: Setting file 'D:\SherwoodMan\Uni\3.Semester\Softwareprojekt I\WebAplikation\XAMPP\mysql\data\ibtmp1' size to 12 MB. Physically writing the file full; Please wait ...
2022-10-02 12:21:13 0 [Note] InnoDB: File 'D:\SherwoodMan\Uni\3.Semester\Softwareprojekt I\WebAplikation\XAMPP\mysql\data\ibtmp1' size is now 12 MB.
2022-10-02 12:21:13 0 [Note] InnoDB: Waiting for purge to start
2022-10-02 12:21:13 0 [Note] InnoDB: 10.4.24 started; log sequence number 393867; transaction id 406
2022-10-02 12:21:13 0 [Note] InnoDB: Loading buffer pool(s) from D:\SherwoodMan\Uni\3.Semester\Softwareprojekt I\WebAplikation\XAMPP\mysql\data\ib_buffer_pool
2022-10-02 12:21:13 0 [Note] Plugin 'FEEDBACK' is disabled.
2022-10-02 12:21:13 0 [Note] Server socket created on IP: '::'.
2022-10-03 17:58:27 0 [Note] InnoDB: Mutexes and rw_locks use Windows interlocked functions
2022-10-03 17:58:27 0 [Note] InnoDB: Uses event mutexes
2022-10-03 17:58:27 0 [Note] InnoDB: Compressed tables use zlib 1.2.11
2022-10-03 17:58:27 0 [Note] InnoDB: Number of pools: 1
2022-10-03 17:58:27 0 [Note] InnoDB: Using SSE2 crc32 instructions
2022-10-03 17:58:27 0 [Note] InnoDB: Initializing buffer pool, total size = 16M, instances = 1, chunk size = 16M
2022-10-03 17:58:27 0 [Note] InnoDB: Completed initialization of buffer pool
2022-10-03 17:58:27 0 [Note] InnoDB: Starting crash recovery from checkpoint LSN=957497
2022-10-03 17:58:28 0 [Note] InnoDB: 128 out of 128 rollback segments are active.
2022-10-03 17:58:28 0 [Note] InnoDB: Removed temporary tablespace data file: "ibtmp1"
2022-10-03 17:58:28 0 [Note] InnoDB: Creating shared tablespace for temporary tables
2022-10-03 17:58:28 0 [Note] InnoDB: Setting file 'D:\SherwoodMan\Uni\3.Semester\Softwareprojekt I\WebAplikation\XAMPP\mysql\data\ibtmp1' size to 12 MB. Physically writing the file full; Please wait ...
2022-10-03 17:58:29 0 [Note] InnoDB: File 'D:\SherwoodMan\Uni\3.Semester\Softwareprojekt I\WebAplikation\XAMPP\mysql\data\ibtmp1' size is now 12 MB.
2022-10-03 17:58:29 0 [Note] InnoDB: Waiting for purge to start
2022-10-03 17:58:29 0 [Note] InnoDB: 10.4.24 started; log sequence number 957506; transaction id 681
2022-10-03 17:58:29 0 [Note] InnoDB: Loading buffer pool(s) from D:\SherwoodMan\Uni\3.Semester\Softwareprojekt I\WebAplikation\XAMPP\mysql\data\ib_buffer_pool
2022-10-03 17:58:29 0 [Note] Plugin 'FEEDBACK' is disabled.
2022-10-03 17:58:29 0 [Note] InnoDB: Buffer pool(s) load completed at 221003 17:58:29
2022-10-03 17:58:29 0 [Note] Server socket created on IP: '::'.
2022-10-06 15:20:51 0 [Note] InnoDB: Mutexes and rw_locks use Windows interlocked functions
2022-10-06 15:20:51 0 [Note] InnoDB: Uses event mutexes
2022-10-06 15:20:51 0 [Note] InnoDB: Compressed tables use zlib 1.2.11
2022-10-06 15:20:51 0 [Note] InnoDB: Number of pools: 1
2022-10-06 15:20:51 0 [Note] InnoDB: Using SSE2 crc32 instructions
2022-10-06 15:20:51 0 [Note] InnoDB: Initializing buffer pool, total size = 16M, instances = 1, chunk size = 16M
2022-10-06 15:20:51 0 [Note] InnoDB: Completed initialization of buffer pool
2022-10-06 15:20:51 0 [Note] InnoDB: Starting crash recovery from checkpoint LSN=957515
2022-10-06 15:20:51 0 [Note] InnoDB: 128 out of 128 rollback segments are active.
2022-10-06 15:20:51 0 [Note] InnoDB: Removed temporary tablespace data file: "ibtmp1"
2022-10-06 15:20:51 0 [Note] InnoDB: Creating shared tablespace for temporary tables
2022-10-06 15:20:51 0 [Note] InnoDB: Setting file 'D:\SherwoodMan\Uni\3.Semester\Softwareprojekt I\WebAplikation\XAMPP\mysql\data\ibtmp1' size to 12 MB. Physically writing the file full; Please wait ...
2022-10-06 15:20:51 0 [Note] InnoDB: File 'D:\SherwoodMan\Uni\3.Semester\Softwareprojekt I\WebAplikation\XAMPP\mysql\data\ibtmp1' size is now 12 MB.
2022-10-06 15:20:51 0 [Note] InnoDB: Waiting for purge to start
2022-10-06 15:20:51 0 [Note] InnoDB: 10.4.24 started; log sequence number 957524; transaction id 681
2022-10-06 15:20:51 0 [Note] InnoDB: Loading buffer pool(s) from D:\SherwoodMan\Uni\3.Semester\Softwareprojekt I\WebAplikation\XAMPP\mysql\data\ib_buffer_pool
2022-10-06 15:20:51 0 [Note] Plugin 'FEEDBACK' is disabled.
2022-10-06 15:20:51 0 [Note] Server socket created on IP: '::'.
