12:04:12  [main] 	Initialisere Control Panel
12:04:12  [main] 	Windows Version:  Home  64-bit
12:04:12  [main] 	XAMPP Version: 8.1.6
12:04:12  [main] 	Control Panel Version: 3.3.0  [ Compiled: Apr 6th 2021 ]
12:04:12  [main] 	Dein Benutzerprofil besitzt keine Administratorenrechte! Das reicht aus für die meisten
12:04:12  [main] 	Anwendungsfunktionen, aber wann immer du etwas mit Windows-Diensten tun möchtest,
12:04:12  [main] 	wird eine Sicherheitsabfrage erscheinen oder etwas wird garnicht erst funktionieren!
12:04:12  [main] 	Also denke daran diese Anwendung mit Administratorrechten zu starten!
12:04:12  [main] 	XAMPP Installationsverzeichnis: "c:\users\sherwoodman\desktop\programmieren\webprojekt\webaplikation\xampp\"
12:04:12  [main] 	Voraussetzungen werden geprüft
12:04:15  [main] 	Alle Voraussetzungen sind erfüllt
12:04:15  [main] 	Initialisiere Module
12:04:15  [Apache] 	XAMPP Apache ist bereits gestartet auf Port 80
12:04:15  [Apache] 	XAMPP Apache ist bereits gestartet auf Port 443
12:04:15  [mysql] 	XAMPP MySQL ist bereits gestartet auf Port 3306
12:04:15  [main] 	Starte Check-Timer
12:04:15  [main] 	Control Panel bereit
12:04:28  [main] 	Führe aus: "c:\users\sherwoodman\desktop\programmieren\webprojekt\webaplikation\xampp\mysql\data"
13:32:34  [mysql] 	Versuche MySQL zu beenden...
13:32:34  [mysql] 	Statusänderung erkannt: gestoppt
13:32:36  [mysql] 	Versuche MySQL zu starten...
13:32:36  [mysql] 	Statusänderung erkannt: gestartet
13:32:36  [mysql] 	Statusänderung erkannt: gestoppt
13:32:36  [mysql] 	Fehler: MySQL wurde unerwartet beendet
13:32:37  [mysql] 	Ursache könnte ein geblockter Port, fehlende Abhängigkeiten,
13:32:37  [mysql] 	fehlende Berechtigungen, ein Absturz oder ein Abbruch einer anderen Methode sein.
13:32:37  [mysql] 	Drücke den Logs Button um error logs zu sehen und prüfe
13:32:37  [mysql] 	im Windows Event Viewer für weitere Hinweise
13:32:37  [mysql] 	Wenn du weitere Hilfe benötigst, kopiere den kompletten Inhalt des Log Fensters
13:32:37  [mysql] 	und füge ihn als Ergänzung in einem neuen Forum Eintrag hinzu.
13:32:43  [mysql] 	Versuche MySQL zu starten...
13:32:43  [mysql] 	Statusänderung erkannt: gestartet
13:32:44  [mysql] 	Statusänderung erkannt: gestoppt
13:32:44  [mysql] 	Fehler: MySQL wurde unerwartet beendet
13:32:44  [mysql] 	Ursache könnte ein geblockter Port, fehlende Abhängigkeiten,
13:32:44  [mysql] 	fehlende Berechtigungen, ein Absturz oder ein Abbruch einer anderen Methode sein.
13:32:44  [mysql] 	Drücke den Logs Button um error logs zu sehen und prüfe
13:32:44  [mysql] 	im Windows Event Viewer für weitere Hinweise
13:32:44  [mysql] 	Wenn du weitere Hilfe benötigst, kopiere den kompletten Inhalt des Log Fensters
13:32:44  [mysql] 	und füge ihn als Ergänzung in einem neuen Forum Eintrag hinzu.
13:32:55  [main] 	Deinitialisiere Module
13:32:55  [main] 	Deinitialisiere Control Panel

13:34:55  [main] 	Initialisere Control Panel
13:34:55  [main] 	Windows Version:  Home  64-bit
13:34:55  [main] 	XAMPP Version: 8.1.6
13:34:55  [main] 	Control Panel Version: 3.3.0  [ Compiled: Apr 6th 2021 ]
13:34:55  [main] 	Dein Benutzerprofil besitzt keine Administratorenrechte! Das reicht aus für die meisten
13:34:55  [main] 	Anwendungsfunktionen, aber wann immer du etwas mit Windows-Diensten tun möchtest,
13:34:55  [main] 	wird eine Sicherheitsabfrage erscheinen oder etwas wird garnicht erst funktionieren!
13:34:55  [main] 	Also denke daran diese Anwendung mit Administratorrechten zu starten!
13:34:55  [main] 	XAMPP Installationsverzeichnis: "c:\users\sherwoodman\desktop\programmieren\webprojekt\webaplikation\xampp\"
13:34:55  [main] 	Voraussetzungen werden geprüft
13:34:55  [main] 	Alle Voraussetzungen sind erfüllt
13:34:55  [main] 	Initialisiere Module
13:34:55  [Apache] 	XAMPP Apache ist bereits gestartet auf Port 80
13:34:55  [Apache] 	XAMPP Apache ist bereits gestartet auf Port 443
13:34:55  [main] 	Starte Check-Timer
13:34:55  [main] 	Control Panel bereit
13:34:57  [Apache] 	stoppe Modul Apache (PID: 13224)
13:34:57  [Apache] 	stoppe Modul Apache (PID: 12464)
13:34:58  [Apache] 	Statusänderung erkannt: gestoppt
13:35:01  [main] 	Deinitialisiere Module
13:35:01  [main] 	Deinitialisiere Control Panel

05:30:39  [main] 	Initialisere Control Panel
05:30:39  [main] 	Windows Version:  Enterprise  64-bit
05:30:39  [main] 	XAMPP Version: 8.1.6
05:30:39  [main] 	Control Panel Version: 3.3.0  [ Compiled: Apr 6th 2021 ]
05:30:39  [main] 	Dein Benutzerprofil besitzt keine Administratorenrechte! Das reicht aus für die meisten
05:30:39  [main] 	Anwendungsfunktionen, aber wann immer du etwas mit Windows-Diensten tun möchtest,
05:30:39  [main] 	wird eine Sicherheitsabfrage erscheinen oder etwas wird garnicht erst funktionieren!
05:30:39  [main] 	Also denke daran diese Anwendung mit Administratorrechten zu starten!
05:30:39  [main] 	XAMPP Installationsverzeichnis: "d:\sherwoodman\uni\3.semester\softwareprojekt i\webaplikation\xampp\"
05:30:39  [main] 	ACHTUNG: Der XAMPP Installationspfad enthält Leerzeichen. Dies könnte die Funktionalität von Programmen/Scripten beeinflussen
05:30:39  [main] 	Voraussetzungen werden geprüft
05:30:40  [main] 	Alle Voraussetzungen sind erfüllt
05:30:40  [main] 	Initialisiere Module
05:30:40  [main] 	Starte Check-Timer
05:30:40  [main] 	Control Panel bereit
05:30:45  [Apache] 	Versuche Apache zu starten...
05:30:46  [Apache] 	Statusänderung erkannt: gestartet
05:30:47  [mysql] 	Versuche MySQL zu starten...
05:30:47  [mysql] 	Statusänderung erkannt: gestartet
06:22:18  [mysql] 	Versuche MySQL zu beenden...
06:22:19  [mysql] 	Statusänderung erkannt: gestoppt
06:22:19  [Apache] 	stoppe Modul Apache (PID: 27840)
06:22:19  [Apache] 	stoppe Modul Apache (PID: 908)
06:22:19  [Apache] 	Statusänderung erkannt: gestoppt
06:49:35  [main] 	Deinitialisiere Module
06:49:35  [main] 	Deinitialisiere Control Panel

12:21:08  [main] 	Initialisere Control Panel
12:21:08  [main] 	Windows Version:  Enterprise  64-bit
12:21:08  [main] 	XAMPP Version: 8.1.6
12:21:08  [main] 	Control Panel Version: 3.3.0  [ Compiled: Apr 6th 2021 ]
12:21:08  [main] 	Dein Benutzerprofil besitzt keine Administratorenrechte! Das reicht aus für die meisten
12:21:08  [main] 	Anwendungsfunktionen, aber wann immer du etwas mit Windows-Diensten tun möchtest,
12:21:08  [main] 	wird eine Sicherheitsabfrage erscheinen oder etwas wird garnicht erst funktionieren!
12:21:08  [main] 	Also denke daran diese Anwendung mit Administratorrechten zu starten!
12:21:08  [main] 	XAMPP Installationsverzeichnis: "d:\sherwoodman\uni\3.semester\softwareprojekt i\webaplikation\xampp\"
12:21:08  [main] 	ACHTUNG: Der XAMPP Installationspfad enthält Leerzeichen. Dies könnte die Funktionalität von Programmen/Scripten beeinflussen
12:21:08  [main] 	Voraussetzungen werden geprüft
12:21:09  [main] 	Alle Voraussetzungen sind erfüllt
12:21:09  [main] 	Initialisiere Module
12:21:09  [main] 	Starte Check-Timer
12:21:09  [main] 	Control Panel bereit
12:21:10  [Apache] 	Versuche Apache zu starten...
12:21:11  [Apache] 	Statusänderung erkannt: gestartet
12:21:11  [mysql] 	Versuche MySQL zu starten...
12:21:11  [mysql] 	Statusänderung erkannt: gestartet
13:26:10  [main] 	Deinitialisiere Module
13:26:10  [main] 	Deinitialisiere Control Panel

13:06:16  [main] 	Initialisere Control Panel
13:06:16  [main] 	Windows Version:  Enterprise  64-bit
13:06:16  [main] 	XAMPP Version: 8.1.6
13:06:16  [main] 	Control Panel Version: 3.3.0  [ Compiled: Apr 6th 2021 ]
13:06:16  [main] 	Dein Benutzerprofil besitzt keine Administratorenrechte! Das reicht aus für die meisten
13:06:16  [main] 	Anwendungsfunktionen, aber wann immer du etwas mit Windows-Diensten tun möchtest,
13:06:16  [main] 	wird eine Sicherheitsabfrage erscheinen oder etwas wird garnicht erst funktionieren!
13:06:16  [main] 	Also denke daran diese Anwendung mit Administratorrechten zu starten!
13:06:16  [main] 	XAMPP Installationsverzeichnis: "d:\sherwoodman\uni\3.semester\softwareprojekt i\webaplikation\xampp\"
13:06:16  [main] 	ACHTUNG: Der XAMPP Installationspfad enthält Leerzeichen. Dies könnte die Funktionalität von Programmen/Scripten beeinflussen
13:06:16  [main] 	Voraussetzungen werden geprüft
13:06:16  [main] 	Alle Voraussetzungen sind erfüllt
13:06:16  [main] 	Initialisiere Module
13:06:16  [Apache] 	XAMPP Apache ist bereits gestartet auf Port 80
13:06:16  [Apache] 	XAMPP Apache ist bereits gestartet auf Port 443
13:06:16  [mysql] 	XAMPP MySQL ist bereits gestartet auf Port 3306
13:06:16  [main] 	Starte Check-Timer
13:06:16  [main] 	Control Panel bereit
13:26:11  [main] 	Deinitialisiere Module
13:26:11  [main] 	Deinitialisiere Control Panel

12:58:38  [main] 	Initialisere Control Panel
12:58:38  [main] 	Windows Version:  Enterprise  64-bit
12:58:38  [main] 	XAMPP Version: 8.1.6
12:58:38  [main] 	Control Panel Version: 3.3.0  [ Compiled: Apr 6th 2021 ]
12:58:38  [main] 	Dein Benutzerprofil besitzt keine Administratorenrechte! Das reicht aus für die meisten
12:58:38  [main] 	Anwendungsfunktionen, aber wann immer du etwas mit Windows-Diensten tun möchtest,
12:58:38  [main] 	wird eine Sicherheitsabfrage erscheinen oder etwas wird garnicht erst funktionieren!
12:58:38  [main] 	Also denke daran diese Anwendung mit Administratorrechten zu starten!
12:58:38  [main] 	XAMPP Installationsverzeichnis: "d:\sherwoodman\uni\3.semester\softwareprojekt i\webaplikation\xampp\"
12:58:38  [main] 	ACHTUNG: Der XAMPP Installationspfad enthält Leerzeichen. Dies könnte die Funktionalität von Programmen/Scripten beeinflussen
12:58:38  [main] 	Voraussetzungen werden geprüft
12:58:38  [main] 	Alle Voraussetzungen sind erfüllt
12:58:38  [main] 	Initialisiere Module
12:58:38  [Apache] 	XAMPP Apache ist bereits gestartet auf Port 80
12:58:38  [Apache] 	XAMPP Apache ist bereits gestartet auf Port 443
12:58:38  [mysql] 	XAMPP MySQL ist bereits gestartet auf Port 3306
12:58:38  [main] 	Starte Check-Timer
12:58:39  [main] 	Control Panel bereit
13:26:13  [main] 	Deinitialisiere Module
13:26:13  [main] 	Deinitialisiere Control Panel

17:58:10  [main] 	Initialisere Control Panel
17:58:10  [main] 	Windows Version:  Enterprise  64-bit
17:58:10  [main] 	XAMPP Version: 8.1.6
17:58:10  [main] 	Control Panel Version: 3.3.0  [ Compiled: Apr 6th 2021 ]
17:58:10  [main] 	Dein Benutzerprofil besitzt keine Administratorenrechte! Das reicht aus für die meisten
17:58:10  [main] 	Anwendungsfunktionen, aber wann immer du etwas mit Windows-Diensten tun möchtest,
17:58:10  [main] 	wird eine Sicherheitsabfrage erscheinen oder etwas wird garnicht erst funktionieren!
17:58:10  [main] 	Also denke daran diese Anwendung mit Administratorrechten zu starten!
17:58:10  [main] 	XAMPP Installationsverzeichnis: "d:\sherwoodman\uni\3.semester\softwareprojekt i\webaplikation\xampp\"
17:58:10  [main] 	ACHTUNG: Der XAMPP Installationspfad enthält Leerzeichen. Dies könnte die Funktionalität von Programmen/Scripten beeinflussen
17:58:10  [main] 	Voraussetzungen werden geprüft
17:58:11  [main] 	Alle Voraussetzungen sind erfüllt
17:58:11  [main] 	Initialisiere Module
17:58:11  [main] 	Starte Check-Timer
17:58:11  [main] 	Control Panel bereit
17:58:18  [main] 	Deinitialisiere Module
17:58:18  [main] 	Deinitialisiere Control Panel

17:58:10  [main] 	Initialisere Control Panel
17:58:10  [main] 	Windows Version:  Enterprise  64-bit
17:58:10  [main] 	XAMPP Version: 8.1.6
17:58:10  [main] 	Control Panel Version: 3.3.0  [ Compiled: Apr 6th 2021 ]
17:58:10  [main] 	Dein Benutzerprofil besitzt keine Administratorenrechte! Das reicht aus für die meisten
17:58:10  [main] 	Anwendungsfunktionen, aber wann immer du etwas mit Windows-Diensten tun möchtest,
17:58:10  [main] 	wird eine Sicherheitsabfrage erscheinen oder etwas wird garnicht erst funktionieren!
17:58:10  [main] 	Also denke daran diese Anwendung mit Administratorrechten zu starten!
17:58:10  [main] 	XAMPP Installationsverzeichnis: "d:\sherwoodman\uni\3.semester\softwareprojekt i\webaplikation\xampp\"
17:58:10  [main] 	ACHTUNG: Der XAMPP Installationspfad enthält Leerzeichen. Dies könnte die Funktionalität von Programmen/Scripten beeinflussen
17:58:10  [main] 	Voraussetzungen werden geprüft
17:58:11  [main] 	Alle Voraussetzungen sind erfüllt
17:58:11  [main] 	Initialisiere Module
17:58:11  [main] 	Starte Check-Timer
17:58:11  [main] 	Control Panel bereit
17:58:22  [Apache] 	Versuche Apache zu starten...
17:58:23  [Apache] 	Statusänderung erkannt: gestartet
17:58:27  [mysql] 	Versuche MySQL zu starten...
17:58:27  [mysql] 	Statusänderung erkannt: gestartet
19:03:02  [main] 	Deinitialisiere Module
19:03:02  [main] 	Deinitialisiere Control Panel

15:20:26  [main] 	Initialisere Control Panel
15:20:26  [main] 	Windows Version:  Enterprise  64-bit
15:20:26  [main] 	XAMPP Version: 8.1.6
15:20:26  [main] 	Control Panel Version: 3.3.0  [ Compiled: Apr 6th 2021 ]
15:20:26  [main] 	Dein Benutzerprofil besitzt keine Administratorenrechte! Das reicht aus für die meisten
15:20:26  [main] 	Anwendungsfunktionen, aber wann immer du etwas mit Windows-Diensten tun möchtest,
15:20:26  [main] 	wird eine Sicherheitsabfrage erscheinen oder etwas wird garnicht erst funktionieren!
15:20:26  [main] 	Also denke daran diese Anwendung mit Administratorrechten zu starten!
15:20:26  [main] 	XAMPP Installationsverzeichnis: "d:\sherwoodman\uni\3.semester\softwareprojekt i\webaplikation\xampp\"
15:20:26  [main] 	ACHTUNG: Der XAMPP Installationspfad enthält Leerzeichen. Dies könnte die Funktionalität von Programmen/Scripten beeinflussen
15:20:26  [main] 	Voraussetzungen werden geprüft
15:20:28  [main] 	Alle Voraussetzungen sind erfüllt
15:20:28  [main] 	Initialisiere Module
15:20:28  [main] 	Starte Check-Timer
15:20:28  [main] 	Control Panel bereit
15:20:48  [main] 	Deinitialisiere Module
15:20:48  [main] 	Deinitialisiere Control Panel

15:21:00  [main] 	Initialisere Control Panel
15:21:00  [main] 	Windows Version:  Enterprise  64-bit
15:21:00  [main] 	XAMPP Version: 8.1.6
15:21:00  [main] 	Control Panel Version: 3.3.0  [ Compiled: Apr 6th 2021 ]
15:21:00  [main] 	Dein Benutzerprofil besitzt keine Administratorenrechte! Das reicht aus für die meisten
15:21:00  [main] 	Anwendungsfunktionen, aber wann immer du etwas mit Windows-Diensten tun möchtest,
15:21:00  [main] 	wird eine Sicherheitsabfrage erscheinen oder etwas wird garnicht erst funktionieren!
15:21:00  [main] 	Also denke daran diese Anwendung mit Administratorrechten zu starten!
15:21:00  [main] 	XAMPP Installationsverzeichnis: "d:\sherwoodman\uni\3.semester\softwareprojekt i\webaplikation\xampp\"
15:21:00  [main] 	ACHTUNG: Der XAMPP Installationspfad enthält Leerzeichen. Dies könnte die Funktionalität von Programmen/Scripten beeinflussen
15:21:00  [main] 	Voraussetzungen werden geprüft
15:21:00  [main] 	Alle Voraussetzungen sind erfüllt
15:21:00  [main] 	Initialisiere Module
15:21:00  [Apache] 	XAMPP Apache ist bereits gestartet auf Port 80
15:21:00  [Apache] 	XAMPP Apache ist bereits gestartet auf Port 443
15:21:00  [mysql] 	XAMPP MySQL ist bereits gestartet auf Port 3306
15:21:01  [main] 	Aktiviere Autostart für Modul "Apache"
15:21:01  [main] 	Aktiviere Autostart für Modul "MySQL"
15:21:01  [main] 	Starte Check-Timer
15:21:01  [main] 	Control Panel bereit
15:21:01  [Apache] 	Autostart abgebrochen: Apache ist bereits gestartet
15:21:01  [mysql] 	Autostart abgebrochen: MySQL ist bereits gestartet
15:21:09  [main] 	Deinitialisiere Module
15:21:09  [main] 	Deinitialisiere Control Panel

15:21:00  [main] 	Initialisere Control Panel
15:21:00  [main] 	Windows Version:  Enterprise  64-bit
15:21:00  [main] 	XAMPP Version: 8.1.6
15:21:00  [main] 	Control Panel Version: 3.3.0  [ Compiled: Apr 6th 2021 ]
15:21:00  [main] 	Dein Benutzerprofil besitzt keine Administratorenrechte! Das reicht aus für die meisten
15:21:00  [main] 	Anwendungsfunktionen, aber wann immer du etwas mit Windows-Diensten tun möchtest,
15:21:00  [main] 	wird eine Sicherheitsabfrage erscheinen oder etwas wird garnicht erst funktionieren!
15:21:00  [main] 	Also denke daran diese Anwendung mit Administratorrechten zu starten!
15:21:00  [main] 	XAMPP Installationsverzeichnis: "d:\sherwoodman\uni\3.semester\softwareprojekt i\webaplikation\xampp\"
15:21:00  [main] 	ACHTUNG: Der XAMPP Installationspfad enthält Leerzeichen. Dies könnte die Funktionalität von Programmen/Scripten beeinflussen
15:21:00  [main] 	Voraussetzungen werden geprüft
15:21:00  [main] 	Alle Voraussetzungen sind erfüllt
15:21:00  [main] 	Initialisiere Module
15:21:00  [Apache] 	XAMPP Apache ist bereits gestartet auf Port 80
15:21:00  [Apache] 	XAMPP Apache ist bereits gestartet auf Port 443
15:21:00  [mysql] 	XAMPP MySQL ist bereits gestartet auf Port 3306
15:21:00  [main] 	Aktiviere Autostart für Modul "Apache"
15:21:00  [main] 	Aktiviere Autostart für Modul "MySQL"
15:21:00  [main] 	Starte Check-Timer
15:21:00  [main] 	Control Panel bereit
15:21:01  [Apache] 	Autostart abgebrochen: Apache ist bereits gestartet
15:21:01  [mysql] 	Autostart abgebrochen: MySQL ist bereits gestartet
15:21:10  [main] 	Deinitialisiere Module
15:21:10  [main] 	Deinitialisiere Control Panel

15:20:50  [main] 	Initialisere Control Panel
15:20:50  [main] 	Windows Version:  Enterprise  64-bit
15:20:50  [main] 	XAMPP Version: 8.1.6
15:20:50  [main] 	Control Panel Version: 3.3.0  [ Compiled: Apr 6th 2021 ]
15:20:50  [main] 	Dein Benutzerprofil besitzt keine Administratorenrechte! Das reicht aus für die meisten
15:20:50  [main] 	Anwendungsfunktionen, aber wann immer du etwas mit Windows-Diensten tun möchtest,
15:20:50  [main] 	wird eine Sicherheitsabfrage erscheinen oder etwas wird garnicht erst funktionieren!
15:20:50  [main] 	Also denke daran diese Anwendung mit Administratorrechten zu starten!
15:20:50  [main] 	XAMPP Installationsverzeichnis: "d:\sherwoodman\uni\3.semester\softwareprojekt i\webaplikation\xampp\"
15:20:50  [main] 	ACHTUNG: Der XAMPP Installationspfad enthält Leerzeichen. Dies könnte die Funktionalität von Programmen/Scripten beeinflussen
15:20:50  [main] 	Voraussetzungen werden geprüft
15:20:50  [main] 	Alle Voraussetzungen sind erfüllt
15:20:50  [main] 	Initialisiere Module
15:20:50  [main] 	Aktiviere Autostart für Modul "Apache"
15:20:50  [main] 	Aktiviere Autostart für Modul "MySQL"
15:20:50  [main] 	Starte Check-Timer
15:20:50  [main] 	Control Panel bereit
15:20:50  [Apache] 	Autostart aktiv: Starte...
15:20:50  [Apache] 	Versuche Apache zu starten...
15:20:50  [mysql] 	Autostart aktiv: Starte...
15:20:50  [mysql] 	Versuche MySQL zu starten...
15:20:51  [Apache] 	Statusänderung erkannt: gestartet
15:20:51  [mysql] 	Statusänderung erkannt: gestartet
15:21:13  [main] 	Deinitialisiere Module
15:21:13  [main] 	Deinitialisiere Control Panel

15:21:00  [main] 	Initialisere Control Panel
15:21:00  [main] 	Windows Version:  Enterprise  64-bit
15:21:00  [main] 	XAMPP Version: 8.1.6
15:21:00  [main] 	Control Panel Version: 3.3.0  [ Compiled: Apr 6th 2021 ]
15:21:00  [main] 	Dein Benutzerprofil besitzt keine Administratorenrechte! Das reicht aus für die meisten
15:21:00  [main] 	Anwendungsfunktionen, aber wann immer du etwas mit Windows-Diensten tun möchtest,
15:21:00  [main] 	wird eine Sicherheitsabfrage erscheinen oder etwas wird garnicht erst funktionieren!
15:21:00  [main] 	Also denke daran diese Anwendung mit Administratorrechten zu starten!
15:21:00  [main] 	XAMPP Installationsverzeichnis: "d:\sherwoodman\uni\3.semester\softwareprojekt i\webaplikation\xampp\"
15:21:00  [main] 	ACHTUNG: Der XAMPP Installationspfad enthält Leerzeichen. Dies könnte die Funktionalität von Programmen/Scripten beeinflussen
15:21:00  [main] 	Voraussetzungen werden geprüft
15:21:00  [main] 	Alle Voraussetzungen sind erfüllt
15:21:00  [main] 	Initialisiere Module
15:21:01  [Apache] 	XAMPP Apache ist bereits gestartet auf Port 80
15:21:01  [Apache] 	XAMPP Apache ist bereits gestartet auf Port 443
15:21:01  [mysql] 	XAMPP MySQL ist bereits gestartet auf Port 3306
15:21:01  [main] 	Aktiviere Autostart für Modul "Apache"
15:21:01  [main] 	Aktiviere Autostart für Modul "MySQL"
15:21:01  [main] 	Starte Check-Timer
15:21:01  [main] 	Control Panel bereit
15:21:01  [Apache] 	Autostart abgebrochen: Apache ist bereits gestartet
15:21:01  [mysql] 	Autostart abgebrochen: MySQL ist bereits gestartet
17:07:03  [Apache] 	Statusänderung erkannt: gestoppt
17:07:03  [Apache] 	Fehler: Apache wurde unerwartet beendet
17:07:03  [Apache] 	Ursache könnte ein geblockter Port, fehlende Abhängigkeiten,
17:07:03  [Apache] 	fehlende Berechtigungen, ein Absturz oder ein Abbruch einer anderen Methode sein.
17:07:03  [Apache] 	Drücke den Logs Button um error logs zu sehen und prüfe
17:07:03  [Apache] 	im Windows Event Viewer für weitere Hinweise
17:07:03  [Apache] 	Wenn du weitere Hilfe benötigst, kopiere den kompletten Inhalt des Log Fensters
17:07:03  [Apache] 	und füge ihn als Ergänzung in einem neuen Forum Eintrag hinzu.
17:07:03  [mysql] 	Statusänderung erkannt: gestoppt
17:07:03  [mysql] 	Fehler: MySQL wurde unerwartet beendet
17:07:03  [mysql] 	Ursache könnte ein geblockter Port, fehlende Abhängigkeiten,
17:07:03  [mysql] 	fehlende Berechtigungen, ein Absturz oder ein Abbruch einer anderen Methode sein.
17:07:03  [mysql] 	Drücke den Logs Button um error logs zu sehen und prüfe
17:07:03  [mysql] 	im Windows Event Viewer für weitere Hinweise
17:07:03  [mysql] 	Wenn du weitere Hilfe benötigst, kopiere den kompletten Inhalt des Log Fensters
17:07:03  [mysql] 	und füge ihn als Ergänzung in einem neuen Forum Eintrag hinzu.
17:07:03  [main] 	Deinitialisiere Module
17:07:03  [main] 	Deinitialisiere Control Panel

