[Mon Sep 26 13:45:35.794358 2022] [ssl:warn] [pid 14112:tid 456] AH01909: www.example.com:443:0 server certificate does NOT include an ID which matches the server name
[Mon Sep 26 13:45:35.888116 2022] [ssl:warn] [pid 14112:tid 456] AH01909: www.example.com:443:0 server certificate does NOT include an ID which matches the server name
[Mon Sep 26 13:45:36.287453 2022] [mpm_winnt:notice] [pid 14112:tid 456] AH00455: Apache/2.4.53 (Win64) OpenSSL/1.1.1n PHP/8.1.6 configured -- resuming normal operations
[Mon Sep 26 13:45:36.287453 2022] [mpm_winnt:notice] [pid 14112:tid 456] AH00456: Apache Lounge VS16 Server built: Mar 16 2022 11:26:15
[Mon Sep 26 13:45:36.287453 2022] [core:notice] [pid 14112:tid 456] AH00094: Command line: 'c:\\users\\nils\\desktop\\xampp\\apache\\bin\\httpd.exe -d C:/Users/Nils/Desktop/XAMPP/apache'
[Mon Sep 26 13:45:36.287453 2022] [mpm_winnt:notice] [pid 14112:tid 456] AH00418: Parent: Created child process 5028
[Mon Sep 26 13:45:37.108001 2022] [ssl:warn] [pid 5028:tid 476] AH01909: www.example.com:443:0 server certificate does NOT include an ID which matches the server name
[Mon Sep 26 13:45:37.186137 2022] [ssl:warn] [pid 5028:tid 476] AH01909: www.example.com:443:0 server certificate does NOT include an ID which matches the server name
[Mon Sep 26 13:45:37.279895 2022] [mpm_winnt:notice] [pid 5028:tid 476] AH00354: Child: Starting 150 worker threads.
[Mon Sep 26 13:45:51.801041 2022] [ssl:warn] [pid 2932:tid 468] AH01909: www.example.com:443:0 server certificate does NOT include an ID which matches the server name
[Mon Sep 26 13:45:51.896332 2022] [core:warn] [pid 2932:tid 468] AH00098: pid file C:/Users/Nils/Desktop/XAMPP/apache/logs/httpd.pid overwritten -- Unclean shutdown of previous Apache run?
[Mon Sep 26 13:45:51.911959 2022] [ssl:warn] [pid 2932:tid 468] AH01909: www.example.com:443:0 server certificate does NOT include an ID which matches the server name
[Mon Sep 26 13:45:51.974462 2022] [mpm_winnt:notice] [pid 2932:tid 468] AH00455: Apache/2.4.53 (Win64) OpenSSL/1.1.1n PHP/8.1.6 configured -- resuming normal operations
[Mon Sep 26 13:45:51.974462 2022] [mpm_winnt:notice] [pid 2932:tid 468] AH00456: Apache Lounge VS16 Server built: Mar 16 2022 11:26:15
[Mon Sep 26 13:45:51.974462 2022] [core:notice] [pid 2932:tid 468] AH00094: Command line: 'c:\\users\\nils\\desktop\\xampp\\apache\\bin\\httpd.exe -d C:/Users/Nils/Desktop/XAMPP/apache'
[Mon Sep 26 13:45:51.974462 2022] [mpm_winnt:notice] [pid 2932:tid 468] AH00418: Parent: Created child process 7796
[Mon Sep 26 13:45:52.694591 2022] [ssl:warn] [pid 7796:tid 436] AH01909: www.example.com:443:0 server certificate does NOT include an ID which matches the server name
[Mon Sep 26 13:45:52.787904 2022] [ssl:warn] [pid 7796:tid 436] AH01909: www.example.com:443:0 server certificate does NOT include an ID which matches the server name
[Mon Sep 26 13:45:52.850940 2022] [mpm_winnt:notice] [pid 7796:tid 436] AH00354: Child: Starting 150 worker threads.
[Thu Sep 29 13:39:05.641828 2022] [ssl:warn] [pid 1108:tid 404] AH01909: www.example.com:443:0 server certificate does NOT include an ID which matches the server name
[Thu Sep 29 13:39:05.742249 2022] [core:warn] [pid 1108:tid 404] AH00098: pid file C:/Users/SherwoodMan/Desktop/Programmieren/Webprojekt/WebAplikation/XAMPP/apache/logs/httpd.pid overwritten -- Unclean shutdown of previous Apache run?
[Thu Sep 29 13:39:05.748249 2022] [ssl:warn] [pid 1108:tid 404] AH01909: www.example.com:443:0 server certificate does NOT include an ID which matches the server name
[Thu Sep 29 13:39:05.864127 2022] [mpm_winnt:notice] [pid 1108:tid 404] AH00455: Apache/2.4.53 (Win64) OpenSSL/1.1.1n PHP/8.1.6 configured -- resuming normal operations
[Thu Sep 29 13:39:05.864127 2022] [mpm_winnt:notice] [pid 1108:tid 404] AH00456: Apache Lounge VS16 Server built: Mar 16 2022 11:26:15
[Thu Sep 29 13:39:05.864253 2022] [core:notice] [pid 1108:tid 404] AH00094: Command line: 'c:\\users\\sherwoodman\\desktop\\programmieren\\webprojekt\\webaplikation\\xampp\\apache\\bin\\httpd.exe -d C:/Users/SherwoodMan/Desktop/Programmieren/Webprojekt/WebAplikation/XAMPP/apache'
[Thu Sep 29 13:39:05.871254 2022] [mpm_winnt:notice] [pid 1108:tid 404] AH00418: Parent: Created child process 7756
[Thu Sep 29 13:39:06.896934 2022] [ssl:warn] [pid 7756:tid 432] AH01909: www.example.com:443:0 server certificate does NOT include an ID which matches the server name
[Thu Sep 29 13:39:06.994695 2022] [ssl:warn] [pid 7756:tid 432] AH01909: www.example.com:443:0 server certificate does NOT include an ID which matches the server name
[Thu Sep 29 13:39:07.081577 2022] [mpm_winnt:notice] [pid 7756:tid 432] AH00354: Child: Starting 150 worker threads.
[Thu Sep 29 14:30:09.867702 2022] [ssl:warn] [pid 11384:tid 404] AH01909: www.example.com:443:0 server certificate does NOT include an ID which matches the server name
[Thu Sep 29 14:30:09.922225 2022] [core:warn] [pid 11384:tid 404] AH00098: pid file D:/SherwoodMan/Uni/3.Semester/Softwareprojekt I/WebAplikation/XAMPP/apache/logs/httpd.pid overwritten -- Unclean shutdown of previous Apache run?
[Thu Sep 29 14:30:09.923226 2022] [ssl:warn] [pid 11384:tid 404] AH01909: www.example.com:443:0 server certificate does NOT include an ID which matches the server name
[Thu Sep 29 14:30:10.231245 2022] [mpm_winnt:notice] [pid 11384:tid 404] AH00455: Apache/2.4.53 (Win64) OpenSSL/1.1.1n PHP/8.1.6 configured -- resuming normal operations
[Thu Sep 29 14:30:10.231245 2022] [mpm_winnt:notice] [pid 11384:tid 404] AH00456: Apache Lounge VS16 Server built: Mar 16 2022 11:26:15
[Thu Sep 29 14:30:10.231245 2022] [core:notice] [pid 11384:tid 404] AH00094: Command line: 'd:\\sherwoodman\\uni\\3.semester\\softwareprojekt i\\webaplikation\\xampp\\apache\\bin\\httpd.exe -d D:/SherwoodMan/Uni/3.Semester/Softwareprojekt I/WebAplikation/XAMPP/apache'
[Thu Sep 29 14:30:10.233246 2022] [mpm_winnt:notice] [pid 11384:tid 404] AH00418: Parent: Created child process 10500
[Thu Sep 29 14:30:10.434292 2022] [ssl:warn] [pid 10500:tid 424] AH01909: www.example.com:443:0 server certificate does NOT include an ID which matches the server name
[Thu Sep 29 14:30:10.500507 2022] [ssl:warn] [pid 10500:tid 424] AH01909: www.example.com:443:0 server certificate does NOT include an ID which matches the server name
[Thu Sep 29 14:30:10.521525 2022] [mpm_winnt:notice] [pid 10500:tid 424] AH00354: Child: Starting 150 worker threads.
[Sun Oct 02 05:30:46.800887 2022] [ssl:warn] [pid 27840:tid 408] AH01909: www.example.com:443:0 server certificate does NOT include an ID which matches the server name
[Sun Oct 02 05:30:46.849816 2022] [core:warn] [pid 27840:tid 408] AH00098: pid file D:/SherwoodMan/Uni/3.Semester/Softwareprojekt I/WebAplikation/XAMPP/apache/logs/httpd.pid overwritten -- Unclean shutdown of previous Apache run?
[Sun Oct 02 05:30:46.851318 2022] [ssl:warn] [pid 27840:tid 408] AH01909: www.example.com:443:0 server certificate does NOT include an ID which matches the server name
[Sun Oct 02 05:30:46.995701 2022] [mpm_winnt:notice] [pid 27840:tid 408] AH00455: Apache/2.4.53 (Win64) OpenSSL/1.1.1n PHP/8.1.6 configured -- resuming normal operations
[Sun Oct 02 05:30:46.995701 2022] [mpm_winnt:notice] [pid 27840:tid 408] AH00456: Apache Lounge VS16 Server built: Mar 16 2022 11:26:15
[Sun Oct 02 05:30:46.995701 2022] [core:notice] [pid 27840:tid 408] AH00094: Command line: 'd:\\sherwoodman\\uni\\3.semester\\softwareprojekt i\\webaplikation\\xampp\\apache\\bin\\httpd.exe -d D:/SherwoodMan/Uni/3.Semester/Softwareprojekt I/WebAplikation/XAMPP/apache'
[Sun Oct 02 05:30:46.997703 2022] [mpm_winnt:notice] [pid 27840:tid 408] AH00418: Parent: Created child process 908
[Sun Oct 02 05:30:47.195873 2022] [ssl:warn] [pid 908:tid 412] AH01909: www.example.com:443:0 server certificate does NOT include an ID which matches the server name
[Sun Oct 02 05:30:47.251880 2022] [ssl:warn] [pid 908:tid 412] AH01909: www.example.com:443:0 server certificate does NOT include an ID which matches the server name
[Sun Oct 02 05:30:47.272399 2022] [mpm_winnt:notice] [pid 908:tid 412] AH00354: Child: Starting 150 worker threads.
[Sun Oct 02 06:22:19.298338 2022] [mpm_winnt:crit] [pid 908:tid 412] AH02538: Child: Parent process exited abruptly. Child process is ending
[Sun Oct 02 12:21:11.647072 2022] [ssl:warn] [pid 21836:tid 416] AH01909: www.example.com:443:0 server certificate does NOT include an ID which matches the server name
[Sun Oct 02 12:21:11.724787 2022] [core:warn] [pid 21836:tid 416] AH00098: pid file D:/SherwoodMan/Uni/3.Semester/Softwareprojekt I/WebAplikation/XAMPP/apache/logs/httpd.pid overwritten -- Unclean shutdown of previous Apache run?
[Sun Oct 02 12:21:11.726288 2022] [ssl:warn] [pid 21836:tid 416] AH01909: www.example.com:443:0 server certificate does NOT include an ID which matches the server name
[Sun Oct 02 12:21:11.748808 2022] [mpm_winnt:notice] [pid 21836:tid 416] AH00455: Apache/2.4.53 (Win64) OpenSSL/1.1.1n PHP/8.1.6 configured -- resuming normal operations
[Sun Oct 02 12:21:11.748808 2022] [mpm_winnt:notice] [pid 21836:tid 416] AH00456: Apache Lounge VS16 Server built: Mar 16 2022 11:26:15
[Sun Oct 02 12:21:11.748808 2022] [core:notice] [pid 21836:tid 416] AH00094: Command line: 'd:\\sherwoodman\\uni\\3.semester\\softwareprojekt i\\webaplikation\\xampp\\apache\\bin\\httpd.exe -d D:/SherwoodMan/Uni/3.Semester/Softwareprojekt I/WebAplikation/XAMPP/apache'
[Sun Oct 02 12:21:11.750309 2022] [mpm_winnt:notice] [pid 21836:tid 416] AH00418: Parent: Created child process 18152
[Sun Oct 02 12:21:11.947815 2022] [ssl:warn] [pid 18152:tid 448] AH01909: www.example.com:443:0 server certificate does NOT include an ID which matches the server name
[Sun Oct 02 12:21:11.992353 2022] [ssl:warn] [pid 18152:tid 448] AH01909: www.example.com:443:0 server certificate does NOT include an ID which matches the server name
[Sun Oct 02 12:21:12.012370 2022] [mpm_winnt:notice] [pid 18152:tid 448] AH00354: Child: Starting 150 worker threads.
[Mon Oct 03 17:58:23.198678 2022] [ssl:warn] [pid 17932:tid 404] AH01909: www.example.com:443:0 server certificate does NOT include an ID which matches the server name
[Mon Oct 03 17:58:23.263235 2022] [core:warn] [pid 17932:tid 404] AH00098: pid file D:/SherwoodMan/Uni/3.Semester/Softwareprojekt I/WebAplikation/XAMPP/apache/logs/httpd.pid overwritten -- Unclean shutdown of previous Apache run?
[Mon Oct 03 17:58:23.265237 2022] [ssl:warn] [pid 17932:tid 404] AH01909: www.example.com:443:0 server certificate does NOT include an ID which matches the server name
[Mon Oct 03 17:58:23.403856 2022] [mpm_winnt:notice] [pid 17932:tid 404] AH00455: Apache/2.4.53 (Win64) OpenSSL/1.1.1n PHP/8.1.6 configured -- resuming normal operations
[Mon Oct 03 17:58:23.403856 2022] [mpm_winnt:notice] [pid 17932:tid 404] AH00456: Apache Lounge VS16 Server built: Mar 16 2022 11:26:15
[Mon Oct 03 17:58:23.403856 2022] [core:notice] [pid 17932:tid 404] AH00094: Command line: 'd:\\sherwoodman\\uni\\3.semester\\softwareprojekt i\\webaplikation\\xampp\\apache\\bin\\httpd.exe -d D:/SherwoodMan/Uni/3.Semester/Softwareprojekt I/WebAplikation/XAMPP/apache'
[Mon Oct 03 17:58:23.406357 2022] [mpm_winnt:notice] [pid 17932:tid 404] AH00418: Parent: Created child process 9740
[Mon Oct 03 17:58:23.665080 2022] [ssl:warn] [pid 9740:tid 420] AH01909: www.example.com:443:0 server certificate does NOT include an ID which matches the server name
[Mon Oct 03 17:58:23.720127 2022] [ssl:warn] [pid 9740:tid 420] AH01909: www.example.com:443:0 server certificate does NOT include an ID which matches the server name
[Mon Oct 03 17:58:23.743647 2022] [mpm_winnt:notice] [pid 9740:tid 420] AH00354: Child: Starting 150 worker threads.
[Thu Oct 06 15:20:51.360052 2022] [ssl:warn] [pid 24264:tid 436] AH01909: www.example.com:443:0 server certificate does NOT include an ID which matches the server name
[Thu Oct 06 15:20:51.539706 2022] [core:warn] [pid 24264:tid 436] AH00098: pid file D:/SherwoodMan/Uni/3.Semester/Softwareprojekt I/WebAplikation/XAMPP/apache/logs/httpd.pid overwritten -- Unclean shutdown of previous Apache run?
[Thu Oct 06 15:20:51.541207 2022] [ssl:warn] [pid 24264:tid 436] AH01909: www.example.com:443:0 server certificate does NOT include an ID which matches the server name
[Thu Oct 06 15:20:51.787418 2022] [mpm_winnt:notice] [pid 24264:tid 436] AH00455: Apache/2.4.53 (Win64) OpenSSL/1.1.1n PHP/8.1.6 configured -- resuming normal operations
[Thu Oct 06 15:20:51.787418 2022] [mpm_winnt:notice] [pid 24264:tid 436] AH00456: Apache Lounge VS16 Server built: Mar 16 2022 11:26:15
[Thu Oct 06 15:20:51.787418 2022] [core:notice] [pid 24264:tid 436] AH00094: Command line: 'd:\\sherwoodman\\uni\\3.semester\\softwareprojekt i\\webaplikation\\xampp\\apache\\bin\\httpd.exe -d D:/SherwoodMan/Uni/3.Semester/Softwareprojekt I/WebAplikation/XAMPP/apache'
[Thu Oct 06 15:20:51.790421 2022] [mpm_winnt:notice] [pid 24264:tid 436] AH00418: Parent: Created child process 15400
[Thu Oct 06 15:20:52.040636 2022] [ssl:warn] [pid 15400:tid 420] AH01909: www.example.com:443:0 server certificate does NOT include an ID which matches the server name
[Thu Oct 06 15:20:52.085174 2022] [ssl:warn] [pid 15400:tid 420] AH01909: www.example.com:443:0 server certificate does NOT include an ID which matches the server name
[Thu Oct 06 15:20:52.112698 2022] [mpm_winnt:notice] [pid 15400:tid 420] AH00354: Child: Starting 150 worker threads.
[Thu Oct 06 17:55:55.869694 2022] [ssl:warn] [pid 9620:tid 408] AH01909: www.example.com:443:0 server certificate does NOT include an ID which matches the server name
[Thu Oct 06 17:55:55.936428 2022] [core:warn] [pid 9620:tid 408] AH00098: pid file D:/SherwoodMan/Uni/3.Semester/Softwareprojekt I/WebAplikation/XAMPP/apache/logs/httpd.pid overwritten -- Unclean shutdown of previous Apache run?
[Thu Oct 06 17:55:55.938430 2022] [ssl:warn] [pid 9620:tid 408] AH01909: www.example.com:443:0 server certificate does NOT include an ID which matches the server name
[Thu Oct 06 17:55:55.960449 2022] [mpm_winnt:notice] [pid 9620:tid 408] AH00455: Apache/2.4.53 (Win64) OpenSSL/1.1.1n PHP/8.1.6 configured -- resuming normal operations
[Thu Oct 06 17:55:55.960449 2022] [mpm_winnt:notice] [pid 9620:tid 408] AH00456: Apache Lounge VS16 Server built: Mar 16 2022 11:26:15
[Thu Oct 06 17:55:55.960449 2022] [core:notice] [pid 9620:tid 408] AH00094: Command line: 'd:\\sherwoodman\\uni\\3.semester\\softwareprojekt i\\webaplikation\\xampp\\apache\\bin\\httpd.exe -d D:/SherwoodMan/Uni/3.Semester/Softwareprojekt I/WebAplikation/XAMPP/apache'
[Thu Oct 06 17:55:55.962451 2022] [mpm_winnt:notice] [pid 9620:tid 408] AH00418: Parent: Created child process 27432
[Thu Oct 06 17:55:56.171039 2022] [ssl:warn] [pid 27432:tid 448] AH01909: www.example.com:443:0 server certificate does NOT include an ID which matches the server name
[Thu Oct 06 17:55:56.215724 2022] [ssl:warn] [pid 27432:tid 448] AH01909: www.example.com:443:0 server certificate does NOT include an ID which matches the server name
[Thu Oct 06 17:55:56.236243 2022] [mpm_winnt:notice] [pid 27432:tid 448] AH00354: Child: Starting 150 worker threads.
